Interface:  eno1
('16:56:06.304478', 83.66, 515035.9, 10837.12, 18.0, 7.1, 1.5446666666666673)
('16:56:06.331918', 46.12, 10065.95, 10837.15, 18.0, 0.0, 1.6249722222222232)
('16:56:06.359420', 0.0, 9772.96, 10837.15, 18.0, 0.0, 1.6162777777777784)
('16:56:06.384480', 0.0, 10356.85, 10837.18, 18.0, 12.5, 1.7135555555555566)
('16:56:06.409391', 0.0, 9943.12, 10837.18, 18.0, 8.7, 1.6700555555555565)
('16:56:06.442198', 38.58, 10066.34, 10837.18, 18.0, 8.7, 1.5499444444444452)
('16:56:06.475140', 0.0, 10025.25, 10837.18, 18.0, 4.2, 1.596805555555556)
('16:56:06.509053', 312938.86, 9738.05, 10837.59, 18.0, 4.2, 1.4999166666666677)
('16:56:06.542358', 963699.63, 10193.29, 10837.56, 18.0, 11.1, 1.493194444444445)
('16:56:06.567219', 950172.7, 9962.95, 10837.65, 18.0, 0.0, 1.4070277777777784)
('16:56:06.600863', 961012.77, 10168.59, 10837.65, 18.0, 4.3, 1.3700277777777783)
('16:56:06.632149', 965844.57, 9881.47, 10846.27, 18.0, 12.5, 1.7817777777777788)
('16:56:06.656634', 961508.0, 10116.04, 10847.62, 18.0, 0.0, 2.1397777777777787)
('16:56:06.681668', 944067.67, 9893.97, 10847.3, 18.0, 4.2, 1.8068611111111121)
('16:56:06.715266', 969340.12, 10104.46, 10847.64, 18.0, 10.0, 2.0137777777777788)
('16:56:06.740912', 954790.13, 10120.09, 10851.33, 18.0, 12.5, 2.0637777777777786)
('16:56:06.765288', 964336.86, 10161.16, 10854.77, 18.0, 14.3, 2.047222222222223)
('16:56:06.790027', 949412.41, 10011.92, 10858.46, 18.0, 11.1, 2.1136111111111124)
('16:56:06.815403', 956545.44, 9760.67, 10861.39, 18.0, 12.5, 2.1609166666666675)
('16:56:06.840285', 968080.26, 9954.74, 10861.41, 18.0, 12.0, 1.7609722222222226)
('16:56:06.874482', 961250.26, 10144.39, 10864.24, 18.0, 0.0, 1.8225277777777782)
('16:56:06.899463', 962415.16, 9914.93, 10869.9, 18.0, 12.5, 1.5777500000000007)
('16:56:06.924823', 945987.2, 10234.36, 10869.78, 18.0, 11.1, 1.8220000000000007)
('16:56:06.950105', 973454.78, 9797.21, 10871.42, 18.0, 0.0, 1.9149722222222227)
('16:56:06.974392', 962017.27, 10198.06, 10871.95, 18.0, 0.0, 1.9625277777777785)
('16:56:06.999007', 940527.49, 10062.54, 10874.98, 18.0, 22.2, 1.769694444444445)
('16:56:07.029465', 972940.02, 9906.58, 10880.58, 18.0, 0.0, 1.9544444444444449)
('16:56:07.055491', 960503.24, 10157.09, 10884.15, 18.0, 11.1, 1.8609444444444452)
('16:56:07.081032', 962841.1, 10161.85, 10885.87, 18.0, 10.0, 1.8692777777777785)
('16:56:07.106751', 960337.85, 9989.6, 10885.87, 18.0, 0.0, 1.8249444444444454)
('16:56:07.131723', 961526.5, 9918.62, 10886.8, 18.0, 12.5, 2.082416666666668)
('16:56:07.157532', 950109.45, 10056.24, 10886.59, 18.0, 0.0, 2.3597500000000005)
('16:56:07.183702', 961444.84, 12166.68, 10886.09, 18.0, 11.1, 2.504444444444445)
('16:56:07.209121', 964086.51, 12991.76, 10889.07, 18.0, 11.1, 2.28338888888889)
('16:56:07.233755', 803981.04, 13031.59, 10888.71, 18.0, 12.5, 2.01738888888889)
------------time slot: 2015-08-02 00:00:03, band 13294.0 Kbps -------------
('16:56:07.258256', 12994.96, 12994.96, 10849.88, 18.0, 18.2, 1.9748333333333343)
('16:56:07.283673', 12993.47, 12993.47, 10849.67, 18.0, 0.0, 1.7104444444444455)
('16:56:07.308061', 13054.92, 13110.66, 10849.67, 18.0, 12.5, 1.708166666666668)
('16:56:07.332522', 13305.09, 13090.46, 10849.77, 18.0, 0.0, 1.788583333333334)
('16:56:07.356965', 12648.22, 13100.17, 10849.77, 18.0, 0.0, 1.8108888888888899)
('16:56:07.381459', 12998.63, 13072.63, 10849.8, 18.0, 0.0, 1.8109722222222233)
('16:56:07.405975', 12986.87, 13060.8, 10849.8, 18.0, 11.1, 1.8110000000000015)
('16:56:07.430502', 13137.65, 12571.93, 10849.8, 18.0, 0.0, 1.7886666666666673)
('16:56:07.455005', 12993.57, 13067.54, 10849.8, 18.0, 12.5, 1.710972222222223)
('16:56:07.479506', 12995.09, 13069.06, 10849.8, 18.0, 12.5, 1.688722222222223)
('16:56:07.503905', 13338.9, 13123.72, 10849.83, 18.0, 0.0, 1.7901388888888894)
('16:56:07.528536', 12926.53, 13000.12, 10849.73, 18.0, 0.0, 1.7941388888888892)
('16:56:07.552959', 13143.79, 13110.53, 10849.73, 18.0, 12.5, 1.7303888888888894)
('16:56:07.577709', 12864.39, 12937.63, 10849.73, 18.0, 0.0, 1.4830555555555565)
('16:56:07.607278', 12846.48, 12834.32, 10849.67, 18.0, 4.2, 1.5527777777777783)
('16:56:07.637349', 13174.13, 13014.61, 10849.42, 18.0, 10.0, 1.6526388888888897)
('16:56:07.662973', 12888.05, 13421.6, 10850.37, 18.0, 0.0, 1.9552777777777786)
('16:56:07.687923', 13236.46, 12833.78, 10850.37, 18.0, 0.0, 1.9332222222222235)
[Debug] Time:  1.0000648498535156
('16:56:07.713491', 12916.77, 12987.66, 10850.87, 18.0, 7.7, 1.8359166666666675)
('16:56:07.747752', 12944.75, 13153.63, 10855.05, 18.0, 13.3, 1.6338055555555568)
('16:56:07.774457', 13156.7, 12878.77, 10859.74, 18.0, 8.0, 1.4888055555555566)
('16:56:07.808471', 13105.18, 12900.3, 10862.79, 18.0, 9.1, 1.6596666666666675)
('16:56:07.841848', 12903.19, 13146.62, 10855.96, 18.0, 8.3, 1.8575277777777788)
('16:56:07.875649', 13187.82, 12981.65, 10855.59, 18.0, 8.3, 1.6083055555555568)
('16:56:07.909134', 12958.53, 13104.59, 10855.66, 18.0, 9.5, 1.8185833333333343)
('16:56:07.938107', 13110.76, 13098.36, 10861.18, 18.0, 18.2, 1.9278611111111124)
('16:56:07.963781', 12863.04, 12933.63, 10862.79, 18.0, 11.1, 1.846611111111112)
('16:56:07.989244', 13017.0, 13040.93, 10866.97, 18.0, 0.0, 1.8831388888888898)
('16:56:08.019578', 12928.66, 12901.88, 10866.94, 18.0, 4.5, 1.8055555555555567)
('16:56:08.053188', 13055.41, 13055.41, 10866.94, 18.0, 8.3, 1.7304444444444453)
('16:56:08.086626', 13122.81, 13122.81, 10868.41, 18.0, 0.0, 1.86863888888889)
('16:56:08.111239', 13009.56, 13009.56, 10868.41, 18.0, 11.1, 1.951916666666668)
('16:56:08.136965', 12907.5, 12907.5, 10868.38, 18.0, 4.3, 1.950111111111112)
('16:56:08.170905', 12928.67, 10832.13, 10868.88, 18.0, 4.2, 2.208722222222223)
('16:56:08.201427', 13210.71, 8936.66, 10864.28, 18.0, 4.2, 2.0471111111111124)
------------time slot: 2015-08-02 00:00:04, band 9071.0 Kbps -------------
('16:56:08.235188', 11591.96, 9133.06, 10864.28, 18.0, 8.3, 1.8731388888888898)
('16:56:08.269291', 8693.93, 8693.93, 10825.27, 17.9, 0.0, 1.8555000000000008)
('16:56:08.303076', 9126.62, 8775.59, 10813.61, 17.9, 4.2, 1.8636944444444457)
('16:56:08.336842', 8780.61, 9131.84, 10789.92, 17.9, 6.7, 1.912777777777779)
('16:56:08.363509', 8894.3, 8894.3, 10789.95, 17.9, 0.0, 1.755472222222223)
('16:56:08.396915', 8875.05, 8875.05, 10789.95, 17.9, 12.5, 2.0360000000000014)
('16:56:08.421886', 9023.85, 8548.91, 10790.39, 17.9, 4.2, 1.7611944444444454)
('16:56:08.455624', 8787.69, 9139.19, 10790.39, 17.9, 8.0, 1.7603333333333342)
('16:56:08.489401', 8777.7, 8777.7, 10790.39, 17.9, 4.2, 1.7685833333333343)
('16:56:08.523073', 8805.23, 8805.23, 10790.39, 17.9, 8.3, 1.6940277777777786)
('16:56:08.556797', 9143.14, 8791.48, 10790.39, 17.9, 4.2, 1.6055277777777786)
('16:56:08.586179', 8879.73, 9283.35, 10790.39, 17.9, 0.0, 1.7988333333333344)
('16:56:08.610822', 8662.47, 8662.47, 10791.12, 17.9, 0.0, 1.7726666666666673)
('16:56:08.636435', 8797.47, 8797.47, 10790.96, 17.9, 0.0, 1.6689444444444452)
('16:56:08.661002', 9171.76, 9171.76, 10791.0, 17.9, 7.1, 1.726277777777779)
('16:56:08.689101', 8863.4, 8863.4, 10791.15, 17.9, 0.0, 1.6138333333333341)
[Debug] Time:  1.0000746250152588
('16:56:08.720289', 8745.92, 8745.92, 10794.94, 17.9, 8.3, 1.9188333333333343)
('16:56:08.754067', 8861.05, 8777.33, 10798.88, 17.9, 12.0, 1.7442500000000012)
('16:56:08.787838', 9130.29, 8779.13, 10806.28, 17.9, 12.0, 2.142083333333334)
('16:56:08.821675', 8762.24, 9112.73, 10824.24, 17.9, 9.1, 2.809472222222223)
('16:56:08.848005', 9008.34, 9008.34, 10817.59, 17.9, 9.1, 2.835750000000001)
('16:56:08.874361', 8549.41, 8549.41, 10816.36, 17.9, 5.0, 2.097555555555556)
('16:56:08.907332', 8992.24, 8992.24, 10821.44, 17.9, 11.8, 1.8371111111111114)
('16:56:08.934455', 9182.22, 8744.97, 10824.82, 17.9, 20.0, 1.7832222222222225)
('16:56:08.959107', 8659.03, 9140.09, 10827.19, 17.9, 0.0, 1.7915000000000003)
('16:56:08.983838', 8631.82, 8631.82, 10831.62, 18.0, 6.3, 1.9358055555555562)
('16:56:09.013033', 8936.73, 8936.73, 10840.73, 18.0, 8.3, 1.7944166666666677)
('16:56:09.046929', 9096.7, 9096.7, 10843.19, 18.0, 6.2, 1.9665277777777785)
('16:56:09.074793', 8955.97, 8512.41, 10849.22, 18.0, 12.5, 1.9549722222222223)
('16:56:09.099755', 8551.68, 9026.78, 10837.4, 18.0, 0.0, 2.1295000000000006)
('16:56:09.125689', 9145.74, 9145.74, 10837.27, 18.0, 9.1, 2.341527777777778)
('16:56:09.151663', 8675.29, 8218.69, 10837.52, 18.0, 0.0, 2.542055555555556)
('16:56:09.177995', 9007.45, 1801.49, 10837.76, 18.0, 12.5, 2.2830000000000004)
('16:56:09.207359', 5654.27, 2019.38, 10837.73, 18.0, 10.0, 1.9290000000000005)
------------time slot: 2015-08-02 00:00:05, band 2048 Kbps -------------
('16:56:09.239672', 1835.07, 2202.09, 10822.61, 17.9, 0.0, 1.9725833333333338)
('16:56:09.265511', 2294.87, 1835.9, 10822.29, 17.9, 11.1, 1.9521666666666673)
('16:56:09.290290', 1914.42, 1914.42, 10822.23, 17.9, 0.0, 1.9440000000000006)
('16:56:09.314853', 1931.27, 1931.27, 10822.23, 17.9, 7.7, 2.0316666666666676)
('16:56:09.348967', 2085.83, 2085.83, 10822.48, 17.9, 8.3, 1.7963888888888893)
('16:56:09.380136', 1902.39, 1902.39, 10822.45, 17.9, 22.2, 1.7886944444444457)
('16:56:09.404562', 1942.15, 2427.69, 10822.45, 17.9, 0.0, 1.7056111111111119)
('16:56:09.429371', 1960.59, 1912.1, 10822.45, 17.9, 11.1, 1.7610555555555565)
('16:56:09.454427', 2366.52, 1893.21, 10822.48, 17.9, 8.0, 1.7360000000000013)
('16:56:09.488008', 1765.8, 2118.96, 10822.51, 17.9, 0.0, 1.8715833333333345)
('16:56:09.521714', 2111.1, 1759.25, 10822.48, 17.9, 0.0, 2.0385555555555563)
('16:56:09.548080', 1799.16, 2248.95, 10822.51, 17.9, 4.2, 1.7386944444444452)
('16:56:09.582144', 2088.9, 2088.9, 10822.54, 17.9, 8.0, 1.6081111111111117)
('16:56:09.615900', 2107.97, 1756.64, 10822.54, 17.9, 4.2, 1.8382777777777786)
('16:56:09.649649', 2108.42, 2108.42, 10814.77, 17.9, 0.0, 1.947861111111112)
('16:56:09.676530', 1764.71, 2205.88, 10814.77, 17.9, 5.9, 1.9067777777777788)
[Debug] Time:  1.0000762939453125
('16:56:09.706320', 1990.5, 1990.5, 10814.99, 17.9, 4.2, 1.7808888888888896)
('16:56:09.740496', 2152.44, 1735.03, 10822.59, 17.9, 4.5, 1.875111111111112)
('16:56:09.769647', 2034.15, 2034.15, 10822.59, 17.9, 10.0, 1.89688888888889)
('16:56:09.795308', 1848.61, 2310.76, 10822.53, 17.9, 12.5, 2.050777777777779)
('16:56:09.821432', 2269.84, 1815.88, 10774.28, 17.9, 8.7, 1.6610555555555562)
('16:56:09.853496', 1849.33, 2219.2, 10774.31, 17.9, 10.0, 1.8081388888888899)
('16:56:09.878480', 1898.69, 1898.69, 10775.76, 17.9, 22.2, 1.8178333333333343)
('16:56:09.905131', 2224.97, 1779.97, 10779.94, 17.9, 8.3, 1.8084722222222231)
('16:56:09.939079', 2150.84, 2096.07, 10785.11, 17.9, 8.3, 1.5578611111111118)
('16:56:09.972976', 1749.32, 2099.18, 10789.04, 17.9, 0.0, 1.8384166666666677)
('16:56:09.997488', 1935.27, 1935.27, 10792.86, 17.9, 9.5, 1.9887500000000016)
('16:56:10.029810', 2201.45, 1834.54, 10800.24, 17.9, 12.5, 1.779111111111112)
('16:56:10.054880', 1892.22, 2365.28, 10803.93, 17.9, 0.0, 1.8887777777777788)
('16:56:10.079293', 1943.12, 1943.12, 10807.84, 17.9, 8.3, 2.0160000000000005)
('16:56:10.113412', 2085.55, 1737.96, 10807.84, 17.9, 7.1, 2.1244166666666673)
('16:56:10.139924', 2236.57, 2236.57, 10808.05, 17.9, 0.0, 2.2839166666666677)
('16:56:10.164489', 1931.08, 7724.34, 10808.36, 17.9, 10.0, 2.109694444444445)
('16:56:10.192560', 5914.81, 8027.24, 10808.36, 17.9, 0.0, 2.019916666666667)
('16:56:10.218874', 8112.43, 8563.12, 10808.36, 17.9, 0.0, 2.012722222222223)
------------time slot: 2015-08-02 00:00:06, band 8559.0 Kbps -------------
('16:56:10.243954', 8511.44, 8511.44, 10750.41, 17.8, 0.0, 2.0753055555555564)
('16:56:10.269610', 8320.2, 8320.2, 10750.4, 17.8, 10.0, 1.9665555555555565)
('16:56:10.294633', 8530.91, 8530.91, 10750.46, 17.8, 22.2, 1.9615555555555564)
('16:56:10.319442', 8604.53, 8126.5, 10744.23, 17.8, 0.0, 2.0669722222222227)
('16:56:10.345169', 8297.45, 8297.45, 10744.13, 17.8, 0.0, 2.003333333333334)
('16:56:10.369705', 8216.84, 8700.18, 10744.13, 17.8, 0.0, 1.811111111111112)
('16:56:10.394170', 8240.94, 8240.94, 10744.13, 17.8, 0.0, 1.7904722222222231)
('16:56:10.419577', 8402.02, 8402.02, 10744.84, 17.8, 0.0, 1.933277777777779)
('16:56:10.444478', 8572.73, 8096.47, 10744.84, 17.8, 8.3, 1.890722222222223)
('16:56:10.478184', 8444.18, 8444.18, 10744.84, 17.8, 4.3, 1.5473611111111119)
('16:56:10.511245', 8250.49, 8609.2, 10744.81, 17.8, 0.0, 1.961166666666668)
('16:56:10.536329', 8675.14, 8037.29, 10744.81, 17.8, 4.2, 1.7610277777777787)
('16:56:10.570039', 8091.65, 8443.46, 10744.84, 17.8, 4.2, 1.761250000000001)
('16:56:10.603802', 8429.87, 8429.87, 10744.81, 17.8, 4.3, 1.8054444444444455)
('16:56:10.637815', 8368.29, 8368.29, 10744.81, 17.8, 5.9, 1.8271388888888898)
('16:56:10.666312', 8323.04, 8323.04, 10744.84, 17.8, 8.3, 1.8071944444444457)
('16:56:10.700224', 8393.24, 8393.24, 10744.78, 17.8, 4.2, 1.8093888888888894)
[Debug] Time:  1.000074863433838
('16:56:10.733863', 8460.99, 8460.99, 10744.78, 17.8, 8.3, 1.88063888888889)
('16:56:10.760005', 8619.59, 8165.92, 10749.21, 17.8, 12.5, 2.106944444444446)
('16:56:10.791367', 8319.23, 8319.23, 10754.87, 17.8, 12.5, 1.8611388888888898)
('16:56:10.818055', 8442.94, 8442.94, 10756.35, 17.8, 0.0, 1.9390555555555566)
('16:56:10.842755', 8162.19, 8642.32, 10760.26, 17.8, 0.0, 2.063722222222223)
('16:56:10.867773', 8532.61, 8532.61, 10765.43, 17.8, 0.0, 1.9879166666666674)
('16:56:10.893111', 8425.11, 7957.04, 10771.04, 17.9, 10.0, 2.048222222222223)
('16:56:10.921734', 8286.51, 8700.83, 10776.08, 17.9, 10.0, 1.9306388888888897)
('16:56:10.947403', 8316.1, 8316.1, 10778.79, 17.9, 0.0, 1.8527222222222224)
('16:56:10.973217', 8728.81, 8269.4, 10783.21, 17.9, 10.0, 1.9390555555555562)
('16:56:11.000426', 8281.51, 8281.51, 10786.91, 17.9, 9.5, 1.8581111111111115)
('16:56:11.032488', 8137.66, 8507.55, 10792.07, 17.9, 10.0, 1.8970833333333335)
('16:56:11.058537', 8649.88, 8194.62, 10797.92, 17.9, 11.1, 1.9303888888888894)
('16:56:11.084123', 8343.22, 8343.22, 10801.61, 17.9, 0.0, 1.7583611111111113)
('16:56:11.109651', 8362.23, 8362.23, 10805.7, 17.9, 0.0, 1.8187222222222228)
('16:56:11.134654', 8537.74, 8537.74, 10805.98, 17.9, 0.0, 2.069361111111112)
('16:56:11.161966', 8301.2, 8250.28, 10806.68, 17.9, 12.5, 2.087861111111112)
('16:56:11.186512', 8213.24, 7730.11, 10806.93, 17.9, 11.1, 2.3940277777777776)
('16:56:11.211629', 7554.67, 7082.5, 10806.87, 17.9, 0.0, 2.225333333333334)
('16:56:11.236861', 7050.24, 7520.26, 10807.26, 17.9, 11.1, 2.0665833333333343)
------------time slot: 2015-08-02 00:00:07, band 7321.0 Kbps -------------
('16:56:11.262340', 6981.83, 6981.83, 10776.06, 17.9, 5.0, 1.9050000000000007)
('16:56:11.291195', 7398.02, 7398.02, 10773.71, 17.9, 4.8, 1.8415000000000008)
('16:56:11.320715', 6829.52, 6829.52, 10773.74, 17.9, 4.3, 1.6915277777777782)
('16:56:11.354368', 7400.59, 7400.59, 10773.74, 17.9, 10.0, 1.9358888888888899)
('16:56:11.380751', 7192.15, 7192.15, 10773.74, 17.9, 8.0, 1.6054166666666674)
('16:56:11.414584', 7010.38, 7010.38, 10773.96, 17.9, 4.3, 1.5581666666666674)
('16:56:11.448471', 7349.35, 7349.35, 10775.2, 17.9, 11.8, 1.8793888888888892)
('16:56:11.475694', 6970.24, 6970.24, 10775.6, 17.9, 4.3, 1.7887777777777787)
('16:56:11.508762', 7172.84, 7172.84, 10775.6, 17.9, 12.5, 1.9469722222222228)
('16:56:11.533889', 7079.54, 7079.54, 10775.59, 17.9, 4.3, 1.9194722222222234)
('16:56:11.567594', 7389.12, 7389.12, 10775.59, 17.9, 0.0, 1.830055555555556)
('16:56:11.601409', 7014.09, 7014.09, 10775.59, 17.9, 4.2, 1.8051944444444448)
('16:56:11.634934', 7075.05, 7075.05, 10775.59, 17.9, 4.5, 1.982111111111112)
('16:56:11.668814', 7350.75, 7350.75, 10780.49, 17.9, 12.5, 2.248666666666667)
('16:56:11.693430', 7226.84, 7226.84, 10784.18, 17.9, 0.0, 1.9464722222222228)
[Debug] Time:  1.000074863433838
('16:56:11.717965', 7250.36, 7250.36, 10789.84, 17.9, 12.5, 2.089083333333334)
('16:56:11.742807', 7160.81, 7160.81, 10795.69, 17.9, 7.7, 1.9029722222222227)
('16:56:11.770407', 6875.17, 6875.17, 10797.41, 17.9, 15.0, 1.725250000000001)
('16:56:11.803046', 7266.88, 7266.88, 10797.65, 17.9, 8.3, 1.61913888888889)
('16:56:11.836859', 7014.63, 7014.63, 10803.34, 17.9, 12.5, 1.7527500000000014)
('16:56:11.861497', 7220.4, 7220.4, 10807.89, 17.9, 12.5, 1.9972777777777786)
('16:56:11.886307', 7169.89, 7169.89, 10810.04, 17.9, 11.1, 1.9379166666666674)
('16:56:11.911450', 7546.86, 7075.18, 10814.71, 17.9, 11.1, 1.8860277777777792)
('16:56:11.936433', 7120.62, 7595.33, 10818.16, 17.9, 11.1, 1.90813888888889)
('16:56:11.961573', 7075.99, 7075.99, 10820.46, 17.9, 11.1, 1.808500000000001)
('16:56:11.987312', 6981.76, 6907.7, 10825.14, 17.9, 11.1, 1.8360277777777785)
('16:56:12.012484', 7538.07, 7066.94, 10830.25, 17.9, 4.5, 1.7581944444444457)
('16:56:12.041922', 7251.41, 7251.41, 10836.4, 18.0, 4.3, 1.756250000000001)
('16:56:12.075458', 7072.63, 7426.26, 10844.06, 18.0, 0.0, 1.8303333333333345)
('16:56:12.108978', 7076.0, 7076.0, 10844.62, 18.0, 12.5, 2.110305555555556)
('16:56:12.137911', 7378.02, 6968.13, 10845.23, 18.0, 14.3, 2.427972222222223)
('16:56:12.162252', 6841.7, 7308.38, 10846.71, 18.0, 0.0, 2.2972777777777784)
('16:56:12.195648', 7102.27, 4616.48, 10846.71, 18.0, 8.0, 2.099805555555557)
('16:56:12.229924', 4497.98, 4497.98, 10846.98, 18.0, 12.0, 1.8404444444444452)
------------time slot: 2015-08-02 00:00:08, band 4808.0 Kbps -------------
('16:56:12.263933', 4881.88, 4881.88, 10791.95, 17.9, 4.3, 1.9358888888888903)
('16:56:12.296295', 4763.98, 4763.98, 10791.95, 17.9, 4.2, 1.7503611111111121)
('16:56:12.330146', 4554.47, 4554.47, 10791.95, 17.9, 4.3, 1.808222222222223)
('16:56:12.363936', 4562.6, 4913.57, 10791.95, 17.9, 8.0, 1.7083055555555569)
('16:56:12.394335', 5071.64, 4681.51, 10791.95, 17.9, 4.2, 1.8081666666666676)
('16:56:12.428136', 4596.75, 4561.15, 10791.95, 17.9, 8.0, 1.9009166666666668)
('16:56:12.462157', 4531.65, 4880.24, 10791.95, 17.9, 4.2, 2.0193888888888893)
('16:56:12.496265', 4867.82, 4520.12, 10791.7, 17.9, 7.1, 2.2147500000000004)
('16:56:12.522780', 4920.02, 4920.02, 10791.7, 17.9, 0.0, 2.344444444444445)
('16:56:12.547688', 4285.17, 4285.17, 10791.57, 17.9, 8.0, 1.9331944444444455)
('16:56:12.581841', 4861.43, 4861.43, 10791.54, 17.9, 8.0, 1.639833333333334)
('16:56:12.615676', 4556.52, 4556.52, 10791.54, 17.9, 4.2, 1.5248888888888894)
('16:56:12.649358', 4929.43, 4929.43, 10791.63, 17.9, 8.0, 1.5733055555555562)
('16:56:12.683279', 4545.06, 4545.06, 10791.63, 17.9, 4.2, 1.6495833333333338)
[Debug] Time:  1.0000767707824707
('16:56:12.717063', 4914.44, 4914.44, 10793.32, 17.9, 4.3, 1.7790000000000004)
('16:56:12.751270', 4507.08, 4507.08, 10798.49, 17.9, 8.3, 1.883083333333334)
('16:56:12.780646', 4844.43, 4844.43, 10805.87, 17.9, 9.5, 1.7944166666666677)
('16:56:12.813299', 4721.47, 4721.47, 10809.29, 17.9, 8.7, 1.9475833333333346)
('16:56:12.846801', 4601.96, 4601.96, 10817.41, 17.9, 0.0, 2.094527777777779)
('16:56:12.871975', 4710.85, 4710.85, 10819.86, 17.9, 18.2, 2.0088611111111114)
('16:56:12.897376', 4669.02, 4669.02, 10824.5, 17.9, 8.3, 1.7385277777777781)
('16:56:12.931176', 4912.05, 4912.05, 10828.69, 17.9, 0.0, 1.8079166666666668)
('16:56:12.956778', 4632.32, 4632.32, 10831.39, 18.0, 0.0, 1.8530277777777782)
('16:56:12.982261', 4653.77, 4653.77, 10836.31, 18.0, 8.3, 1.8949722222222225)
('16:56:13.012625', 4686.91, 4686.91, 10845.82, 18.0, 4.5, 1.8393611111111114)
('16:56:13.046185', 4593.88, 4593.88, 10849.51, 18.0, 11.8, 1.9305833333333342)
('16:56:13.074058', 4680.26, 4680.26, 10853.96, 18.0, 0.0, 1.7303888888888892)
('16:56:13.099652', 5097.07, 5097.07, 10853.96, 18.0, 5.3, 2.0873611111111114)
('16:56:13.132102', 4385.66, 4385.66, 10854.27, 18.0, 8.7, 2.108444444444445)
('16:56:13.165882', 4958.04, 3159.66, 10854.27, 18.0, 11.1, 2.1148888888888893)
('16:56:13.191294', 2800.12, 1866.75, 10846.94, 18.0, 0.0, 2.1428611111111118)
('16:56:13.217355', 1820.19, 2275.24, 10846.69, 18.0, 0.0, 1.966527777777779)
------------time slot: 2015-08-02 00:00:09, band 2048 Kbps -------------
('16:56:13.243094', 1843.07, 1843.07, 10823.05, 17.9, 12.5, 1.9370555555555566)
('16:56:13.267664', 2464.83, 1930.65, 10823.05, 17.9, 11.1, 1.8886666666666676)
('16:56:13.292255', 1929.1, 1929.1, 10823.08, 17.9, 0.0, 1.9109444444444452)
('16:56:13.317259', 1897.19, 2371.48, 10823.08, 17.9, 8.7, 1.6919166666666674)
('16:56:13.350380', 2148.37, 1790.3, 10823.0, 17.9, 5.0, 1.5995277777777785)
('16:56:13.381996', 1875.56, 2250.68, 10822.97, 17.9, 4.2, 1.5484722222222225)
('16:56:13.415963', 2094.82, 1745.68, 10823.04, 17.9, 4.3, 1.636083333333334)
('16:56:13.449704', 1757.41, 2108.9, 10823.1, 17.9, 4.3, 1.7890000000000004)
('16:56:13.483455', 2108.3, 2108.3, 10823.1, 17.9, 0.0, 1.7056111111111119)
('16:56:13.509904', 2241.9, 1793.52, 10823.07, 17.9, 12.5, 1.7833055555555566)
('16:56:13.534286', 1945.61, 1945.61, 10823.0, 17.9, 0.0, 1.889833333333334)
('16:56:13.558784', 1936.44, 2420.55, 10823.0, 17.9, 0.0, 1.7814166666666675)
('16:56:13.583310', 1934.14, 1934.14, 10823.0, 17.9, 12.5, 1.7053333333333343)
('16:56:13.607911', 1928.26, 1928.26, 10823.0, 17.9, 0.0, 1.8051666666666673)
('16:56:13.632480', 2033.17, 1930.78, 10823.22, 17.9, 11.1, 1.8056111111111113)
('16:56:13.657467', 1898.49, 1898.49, 10823.22, 17.9, 0.0, 1.505388888888889)
('16:56:13.691131', 2113.74, 2113.74, 10823.22, 17.9, 8.0, 1.5829166666666679)
[Debug] Time:  1.0000691413879395
('16:56:13.725175', 2090.11, 2090.11, 10828.57, 17.9, 8.3, 1.6998333333333344)
('16:56:13.759133', 2095.42, 1746.18, 10834.48, 18.0, 4.3, 1.6064444444444452)
('16:56:13.793003', 1750.75, 2100.89, 10839.63, 18.0, 8.3, 1.5664166666666675)
('16:56:13.827029', 2091.22, 2091.22, 10845.32, 18.0, 8.3, 1.5831388888888895)
('16:56:13.860697', 2113.47, 2113.47, 10847.11, 18.0, 12.5, 1.7596666666666676)
('16:56:13.885144', 1940.44, 1940.44, 10850.36, 18.0, 9.1, 1.8835833333333336)
('16:56:13.911624', 1791.43, 1791.43, 10844.03, 18.0, 0.0, 1.8610277777777782)
('16:56:13.944570', 2159.75, 2159.75, 10848.52, 18.0, 25.0, 2.0387777777777787)
('16:56:13.969308', 1917.63, 1917.63, 10852.12, 18.0, 0.0, 1.9943888888888897)
('16:56:13.994575', 2346.78, 1877.42, 10856.55, 18.0, 4.5, 2.2218888888888895)
('16:56:14.024740', 1965.74, 1965.74, 10863.87, 18.0, 8.3, 1.9887777777777786)
('16:56:14.058401', 1761.63, 2113.96, 10871.5, 18.0, 0.0, 1.9853888888888893)
('16:56:14.083371', 2374.65, 1899.72, 10871.4, 18.0, 12.5, 2.197055555555556)
('16:56:14.108392', 1895.97, 1895.97, 10872.14, 18.0, 12.5, 2.435694444444445)
('16:56:14.134147', 1861.24, 2302.29, 10872.6, 18.0, 0.0, 2.16988888888889)
('16:56:14.163996', 1986.61, 1986.61, 10872.6, 18.0, 5.3, 2.308805555555556)
('16:56:14.192466', 2082.76, 2082.76, 10872.57, 18.0, 9.1, 2.019333333333334)
------------time slot: 2015-08-02 00:00:10, band 2048 Kbps -------------
('16:56:14.225647', 2144.49, 1787.08, 10872.57, 18.0, 8.0, 1.8828888888888895)
('16:56:14.260687', 1692.27, 2030.72, 10805.45, 17.9, 4.3, 1.811194444444445)
('16:56:14.294604', 2097.94, 2097.94, 10805.24, 17.9, 0.0, 1.8064722222222231)
('16:56:14.321212', 2228.56, 1782.85, 10805.27, 17.9, 8.3, 1.7556944444444451)
('16:56:14.354698', 1770.76, 2124.92, 10782.07, 17.9, 4.3, 1.6111388888888898)
('16:56:14.388457', 2107.76, 2107.76, 10782.07, 17.9, 0.0, 1.8107777777777783)
('16:56:14.422251', 2141.24, 2105.64, 10782.13, 17.9, 0.0, 1.851361111111112)
('16:56:14.452333', 1971.11, 1971.11, 10782.04, 17.9, 4.2, 1.5581111111111117)
('16:56:14.486190', 2101.68, 1751.4, 10782.29, 17.9, 0.0, 1.5018055555555563)
('16:56:14.519695', 1769.83, 2123.8, 10782.19, 17.9, 11.1, 1.7110833333333337)
('16:56:14.544402', 1920.0, 1920.0, 10782.19, 17.9, 11.1, 1.8112777777777787)
('16:56:14.568925', 2418.01, 1934.41, 10782.19, 17.9, 12.5, 1.758472222222223)
('16:56:14.593487', 1931.31, 1931.31, 10782.19, 17.9, 0.0, 1.7582777777777787)
('16:56:14.618014', 1934.09, 2417.61, 10782.19, 17.9, 0.0, 1.7581388888888898)
('16:56:14.642566', 1932.12, 1932.12, 10782.32, 17.9, 0.0, 1.8581111111111117)
('16:56:14.667222', 1923.95, 1923.95, 10782.59, 17.9, 12.5, 2.040972222222223)
('16:56:14.691047', 1991.13, 1991.13, 10782.59, 17.9, 0.0, 2.030416666666667)
[Debug] Time:  1.0000605583190918
('16:56:14.715652', 1927.92, 1927.92, 10784.34, 17.9, 0.0, 1.9856111111111119)
('16:56:14.748089', 2267.89, 2193.7, 10790.53, 17.9, 8.3, 1.7900000000000003)
('16:56:14.782071', 2347.32, 1744.97, 10790.53, 17.9, 8.3, 1.9361666666666677)
('16:56:14.815910', 1752.31, 2102.77, 10790.78, 17.9, 6.7, 1.8780277777777787)
('16:56:14.844872', 2047.39, 2047.39, 10789.67, 17.9, 8.3, 1.8525833333333341)
('16:56:14.876417', 2255.68, 1879.73, 10790.86, 17.9, 4.3, 1.7972777777777784)
('16:56:14.910532', 1738.18, 2085.82, 10795.53, 17.9, 8.3, 1.7358333333333342)
('16:56:14.944563', 2090.89, 2090.89, 10800.7, 17.9, 4.3, 1.815500000000001)
('16:56:14.978498', 2096.89, 2096.89, 10805.18, 17.9, 8.7, 1.8280277777777785)
('16:56:15.012300', 2105.07, 1754.23, 10814.78, 17.9, 8.3, 1.735777777777779)
('16:56:15.046202', 1798.35, 2098.84, 10818.57, 17.9, 8.3, 1.6359166666666676)
('16:56:15.077875', 2246.59, 1872.16, 10822.54, 17.9, 8.3, 1.7215833333333341)
('16:56:15.111025', 1788.77, 2146.53, 10822.54, 17.9, 12.5, 2.2388611111111114)
('16:56:15.135428', 1943.89, 1943.89, 10822.54, 17.9, 0.0, 2.2775277777777787)
('16:56:15.159844', 2428.59, 1942.87, 10821.84, 17.9, 12.5, 2.444361111111112)
('16:56:15.184928', 1891.18, 1891.18, 10821.84, 17.9, 4.2, 2.4025)
('16:56:15.218613', 1760.34, 2112.4, 10821.84, 17.9, 8.3, 1.8359166666666675)
------------time slot: 2015-08-02 00:00:11, band 2048 Kbps -------------
('16:56:15.252337', 2109.97, 2109.97, 10762.75, 17.8, 6.3, 1.9003611111111123)
('16:56:15.279482', 2184.4, 1747.52, 10762.72, 17.8, 0.0, 1.684694444444445)
('16:56:15.312894', 1824.8, 2129.71, 10762.72, 17.8, 4.2, 1.5750833333333343)
('16:56:15.346752', 2101.6, 2101.6, 10762.72, 17.8, 4.3, 1.505472222222223)
('16:56:15.380566', 2104.35, 2104.35, 10762.88, 17.8, 4.2, 1.7607222222222232)
('16:56:15.414221', 2114.27, 1761.9, 10762.88, 17.8, 4.3, 1.6053888888888903)
('16:56:15.447885', 1761.45, 2113.74, 10762.85, 17.8, 12.5, 1.705416666666668)
('16:56:15.472900', 1896.32, 1896.32, 10762.91, 17.8, 0.0, 1.5832222222222232)
('16:56:15.505087', 2210.73, 2210.73, 10762.85, 17.8, 0.0, 1.7527222222222232)
('16:56:15.535797', 1930.87, 1930.87, 10762.85, 17.8, 4.3, 1.452583333333334)
('16:56:15.569415', 2560.03, 1763.86, 10762.85, 17.8, 4.3, 1.4303888888888894)
('16:56:15.603038', 2116.28, 2116.28, 10762.94, 17.8, 0.0, 1.3526388888888894)
('16:56:15.636046', 1796.43, 2155.72, 10762.94, 17.8, 0.0, 1.5925833333333344)
('16:56:15.660436', 1944.94, 1944.94, 10761.52, 17.8, 0.0, 1.592583333333334)
('16:56:15.685103', 1923.13, 1923.13, 10761.4, 17.8, 4.2, 1.6080277777777787)
[Debug] Time:  1.000070571899414
('16:56:15.718909', 2104.82, 2104.82, 10761.4, 17.8, 7.1, 1.7187500000000007)
('16:56:15.750915', 1852.72, 1852.72, 10765.09, 17.8, 12.5, 1.9291944444444447)
('16:56:15.775527', 2409.18, 1927.34, 10770.54, 17.9, 8.3, 1.6306666666666672)
('16:56:15.809121', 1765.11, 2118.13, 10775.71, 17.9, 11.1, 1.8215277777777783)
('16:56:15.834073', 2376.49, 1901.19, 10781.02, 17.9, 11.1, 1.9905277777777788)
('16:56:15.858960', 1906.11, 1906.11, 10785.39, 17.9, 12.5, 2.085527777777779)
('16:56:15.887254', 2095.73, 2095.73, 10788.15, 17.9, 8.3, 1.9980277777777786)
('16:56:15.917291', 1974.1, 1974.1, 10791.0, 17.9, 8.3, 1.9109444444444448)
('16:56:15.951453', 1735.78, 2082.93, 10796.41, 17.9, 4.3, 2.008083333333334)
('16:56:15.985131', 2112.84, 2112.84, 10803.79, 17.9, 12.0, 2.158222222222223)
('16:56:16.017034', 1858.67, 1858.67, 10810.87, 17.9, 8.3, 1.88638888888889)
('16:56:16.050837', 2105.01, 2105.01, 10815.23, 17.9, 8.3, 1.910500000000001)
('16:56:16.080150', 2022.88, 2022.88, 10819.91, 17.9, 9.1, 2.173722222222223)
('16:56:16.106257', 2271.3, 1817.04, 10821.6, 17.9, 0.0, 2.0193888888888893)
('16:56:16.131330', 1892.01, 2365.01, 10821.82, 17.9, 10.0, 2.1825555555555565)
('16:56:16.157513', 1811.77, 1811.77, 10822.3, 17.9, 0.0, 2.0506944444444457)
('16:56:16.183706', 2263.83, 4527.66, 10822.23, 17.9, 10.0, 2.207527777777779)
('16:56:16.209459', 1842.02, 4144.54, 10822.2, 17.9, 0.0, 2.0916666666666672)
('16:56:16.234281', 3344.41, 4299.95, 10822.23, 17.9, 10.0, 2.0914722222222233)
------------time slot: 2015-08-02 00:00:12, band 4314.0 Kbps -------------
('16:56:16.259714', 4196.64, 4196.64, 10822.23, 17.9, 0.0, 2.091722222222223)
('16:56:16.285301', 4171.49, 4171.49, 10822.23, 17.9, 11.1, 1.816027777777778)
('16:56:16.310051', 4312.42, 4312.42, 10817.75, 17.9, 11.1, 1.7230000000000012)
('16:56:16.336045', 4106.22, 4106.22, 10817.7, 17.9, 4.5, 1.6386666666666672)
('16:56:16.368943', 4325.78, 4325.78, 10817.7, 17.9, 4.3, 1.5524444444444445)
('16:56:16.402698', 4216.06, 4216.06, 10817.67, 17.9, 4.3, 1.605166666666667)
('16:56:16.436347', 4229.39, 4229.39, 10817.67, 17.9, 4.3, 1.5535833333333335)
('16:56:16.470236', 4199.36, 4199.36, 10818.13, 17.9, 4.2, 1.5305000000000009)
('16:56:16.504176', 4193.08, 4193.08, 10818.13, 17.9, 5.6, 1.565722222222223)
('16:56:16.531820', 4290.01, 4290.01, 10818.29, 17.9, 0.0, 1.630555555555556)
('16:56:16.565039', 4284.09, 4284.09, 10818.29, 17.9, 0.0, 1.4524444444444449)
('16:56:16.598806', 4214.55, 4214.55, 10818.29, 17.9, 0.0, 1.3527500000000006)
('16:56:16.632415', 4234.37, 4234.37, 10818.54, 17.9, 4.3, 1.530833333333334)
('16:56:16.666058', 4230.05, 4230.05, 10795.04, 17.9, 4.2, 1.5301666666666671)
('16:56:16.699954', 4198.48, 4198.48, 10795.04, 17.9, 4.3, 1.5531388888888893)
[Debug] Time:  1.0000734329223633
('16:56:16.733698', 3865.95, 4217.4, 10803.1, 17.9, 4.3, 1.6303333333333339)
('16:56:16.767733', 4181.36, 4181.36, 10803.41, 17.9, 0.0, 1.8303333333333336)
('16:56:16.793359', 4165.17, 4165.17, 10803.41, 17.9, 0.0, 1.9081944444444447)
('16:56:16.817296', 4458.97, 3963.53, 10803.41, 17.9, 20.0, 2.0380000000000007)
('16:56:16.844984', 4283.14, 4283.14, 10803.5, 17.9, 8.3, 1.930222222222223)
('16:56:16.874566', 4009.04, 4409.95, 10805.93, 17.9, 4.3, 1.8082500000000001)
('16:56:16.908024', 4253.38, 4253.38, 10809.52, 17.9, 10.0, 1.9083055555555564)
('16:56:16.933573', 4177.68, 4177.68, 10814.41, 17.9, 4.3, 1.8553611111111117)
('16:56:16.967263', 4224.12, 4224.12, 10817.55, 17.9, 8.7, 1.933083333333334)
('16:56:16.996236', 4502.71, 4093.37, 10818.39, 17.9, 12.5, 1.857111111111112)
('16:56:17.021144', 4285.05, 4285.05, 10825.96, 17.9, 12.5, 1.826472222222223)
('16:56:17.048763', 3864.61, 4294.01, 10829.65, 17.9, 8.3, 1.759666666666667)
('16:56:17.082603', 3154.05, 4205.4, 10833.59, 18.0, 10.0, 1.5303888888888895)
('16:56:17.108123', 450.01, 598611.2, 10832.4, 18.0, 12.5, 1.9366111111111115)
('16:56:17.132520', 1087.5, 956741.57, 10837.14, 18.0, 8.3, 1.738500000000001)
('16:56:17.166210', 479.55, 956124.65, 10842.03, 18.0, 11.1, 2.0471111111111124)
