('17:04:24.044361', 75408.1, 75423.93, 9258.16, 15.6, 0.0, 1.4499444444444451)
('17:04:24.151382', 76297.63, 76282.77, 9256.72, 15.6, 10.0, 1.4249444444444448)
('17:04:24.258301', 76310.46, 76369.94, 9257.35, 15.6, 8.7, 1.3499722222222226)
('17:04:24.369055', 75764.74, 75750.39, 9258.84, 15.6, 4.5, 1.3942222222222227)
('17:04:24.482504', 74566.07, 74566.07, 9258.84, 15.6, 8.7, 1.2998333333333336)
('17:04:24.595872', 75274.31, 75265.25, 9259.34, 15.6, 10.5, 1.4926388888888895)
('17:04:24.703774', 77966.02, 77995.49, 9261.09, 15.6, 4.3, 1.4751388888888894)
('17:04:24.817134', 75543.28, 75496.24, 9263.08, 15.6, 0.0, 1.8275000000000015)
('17:04:24.923227', 79048.1, 79093.06, 9264.14, 15.6, 0.0, 1.4321388888888895)
('17:04:25.036651', 75606.68, 75522.58, 9278.14, 15.7, 0.0, 1.5775277777777783)
('17:04:25.140957', 70875.35, 70921.07, 9297.96, 15.7, 0.0, 1.766000000000001)
('17:04:25.246569', 74817.01, 74847.12, 9308.82, 15.7, 12.5, 2.059250000000001)
('17:04:25.350901', 79452.59, 79437.35, 9321.38, 15.7, 14.3, 2.175222222222223)
('17:04:25.455578', 78227.1, 78242.29, 9293.71, 15.7, 8.7, 1.6629722222222232)
('17:04:25.569731', 71790.52, 71804.44, 9279.97, 15.7, 8.7, 1.7858611111111127)
('17:04:25.678727', 76811.29, 76767.53, 9297.61, 15.7, 10.0, 1.6526111111111117)
('17:04:25.784608', 78502.31, 78502.31, 9315.7, 15.7, 0.0, 1.888972222222223)
('17:04:25.888935', 79197.46, 79197.46, 9322.98, 15.7, 0.0, 2.386861111111111)
('17:04:25.994629', 75119.28, 75134.33, 9327.5, 15.7, 0.0, 3.0547500000000003)
------------time slot: 2015-08-02 00:00:03, band 13294.0 Kbps -------------
('17:04:26.100884', 77431.06, 77371.21, 9263.89, 15.6, 0.0, 2.1195000000000004)
('17:04:26.207319', 79595.33, 79690.24, 9264.91, 15.6, 8.3, 1.8528055555555565)
('17:04:26.321014', 76662.06, 76643.13, 9266.22, 15.6, 0.0, 1.7461666666666678)
('17:04:26.435059', 77299.95, 77313.89, 9267.3, 15.6, 4.3, 1.4693333333333338)
('17:04:26.548508', 77441.19, 77441.19, 9264.86, 15.6, 6.2, 1.5682777777777785)
('17:04:26.655617', 75076.85, 75032.32, 9265.04, 15.6, 11.1, 1.5367777777777787)
('17:04:26.760961', 79288.44, 79273.35, 9266.7, 15.6, 0.0, 1.5000277777777784)
('17:04:26.866652', 80658.21, 80658.21, 9267.07, 15.6, 5.9, 1.5499166666666673)
('17:04:26.974298', 76297.28, 76312.05, 9268.32, 15.6, 10.0, 1.5724722222222232)
('17:04:27.080105', 79542.98, 79542.98, 9272.74, 15.6, 12.0, 1.6023888888888898)
('17:04:27.193807', 76624.77, 76666.72, 9293.99, 15.7, 8.7, 1.5777777777777788)
('17:04:27.307484', 73494.28, 73494.28, 9309.74, 15.7, 8.7, 1.6916666666666678)
('17:04:27.421388', 75330.14, 75330.14, 9325.95, 15.7, 5.6, 1.9074166666666674)
('17:04:27.529387', 68353.94, 68309.78, 9331.68, 15.7, 0.0, 2.2595000000000005)
('17:04:27.633868', 66342.46, 66357.68, 9274.61, 15.6, 0.0, 2.7258333333333344)
('17:04:27.738098', 68517.23, 68501.97, 9288.25, 15.7, 10.0, 1.9678611111111115)
('17:04:27.843983', 75419.13, 75419.13, 9305.66, 15.7, 10.0, 2.031583333333334)
('17:04:27.949495', 78824.1, 78824.1, 9320.48, 15.7, 0.0, 1.8941388888888895)
('17:04:28.053807', 77090.21, 77090.21, 9324.11, 15.7, 0.0, 2.56613888888889)
------------time slot: 2015-08-02 00:00:04, band 9071.0 Kbps -------------
('17:04:28.158222', 79268.01, 79268.01, 9262.29, 15.6, 12.5, 2.2204444444444453)
('17:04:28.262960', 80422.23, 80467.77, 9260.6, 15.6, 4.5, 1.7798333333333345)
('17:04:28.376417', 77746.53, 77732.51, 9261.28, 15.6, 4.3, 1.6054444444444453)
('17:04:28.489625', 75246.75, 75218.66, 9262.06, 15.6, 8.3, 1.805472222222223)
('17:04:28.595794', 80369.74, 80354.77, 9262.71, 15.6, 10.0, 1.8581944444444456)
('17:04:28.701466', 80359.26, 80359.26, 9263.12, 15.6, 0.0, 1.7054722222222232)
('17:04:28.807191', 80100.94, 80100.94, 9263.12, 15.6, 0.0, 1.686111111111112)
('17:04:28.913074', 80932.25, 80932.25, 9263.12, 15.6, 0.0, 1.6860555555555565)
('17:04:29.018894', 80378.83, 80378.83, 9263.12, 15.6, 12.5, 1.5081944444444453)
('17:04:29.124174', 80443.98, 80443.98, 9263.62, 15.6, 0.0, 1.5610555555555565)
('17:04:29.229486', 67224.69, 67204.26, 9283.22, 15.7, 0.0, 2.272694444444445)
('17:04:29.333941', 68278.58, 68314.41, 9294.77, 15.7, 16.7, 1.909472222222223)
('17:04:29.440340', 79173.99, 79224.11, 9310.84, 15.7, 0.0, 1.705500000000001)
('17:04:29.545130', 67321.66, 67270.78, 9326.46, 15.7, 0.0, 1.9150555555555568)
('17:04:29.649174', 73033.68, 73048.96, 9276.01, 15.7, 0.0, 2.000611111111112)
('17:04:29.758309', 71133.73, 71148.3, 9284.96, 15.7, 4.2, 1.9270555555555566)
('17:04:29.871946', 67262.27, 67234.28, 9303.02, 15.7, 20.0, 1.8598055555555568)
('17:04:29.977396', 70529.92, 70590.22, 9320.77, 15.7, 8.7, 1.8620555555555565)
('17:04:30.090309', 76512.34, 76413.77, 9328.49, 15.7, 12.5, 2.100083333333335)
('17:04:30.194808', 69558.32, 69603.96, 9331.7, 15.7, 16.7, 2.4613888888888895)
------------time slot: 2015-08-02 00:00:05, band 1798.0 Kbps -------------
('17:04:30.300883', 76441.47, 76411.49, 9271.15, 15.6, 0.0, 1.9415833333333343)
('17:04:30.406799', 79929.93, 79959.96, 9272.23, 15.6, 10.0, 1.512583333333334)
('17:04:30.512544', 80300.79, 80255.68, 9269.34, 15.6, 0.0, 1.3998055555555562)
('17:04:30.617150', 82040.47, 82131.66, 9271.22, 15.6, 4.3, 1.3999166666666674)
('17:04:30.730649', 78335.04, 78335.04, 9270.94, 15.6, 15.4, 1.3999444444444449)
('17:04:30.844182', 77732.19, 77732.19, 9271.12, 15.6, 4.2, 1.443083333333334)
('17:04:30.958055', 77805.68, 77791.72, 9271.12, 15.6, 8.3, 1.5000000000000004)
('17:04:31.071526', 77887.2, 77901.22, 9271.61, 15.6, 4.3, 1.5009166666666671)
('17:04:31.184974', 77930.95, 77916.93, 9271.61, 15.6, 0.0, 1.4999444444444447)
('17:04:31.298242', 76861.4, 76875.44, 9285.61, 15.7, 9.1, 1.5525000000000009)
('17:04:31.404974', 79915.48, 79900.59, 9303.04, 15.7, 8.3, 1.6000000000000005)
('17:04:31.511675', 78999.82, 78970.02, 9317.68, 15.7, 12.5, 1.7056388888888898)
('17:04:31.622550', 78563.81, 78563.81, 9333.4, 15.7, 14.3, 1.9358888888888903)
('17:04:31.727120', 78442.68, 78457.88, 9333.78, 15.7, 10.0, 2.2221111111111127)
('17:04:31.833163', 74392.44, 74377.44, 9287.5, 15.7, 0.0, 1.805222222222223)
('17:04:31.939067', 72580.2, 72580.2, 9301.45, 15.7, 10.0, 1.7610833333333338)
('17:04:32.045126', 79223.41, 79253.39, 9316.8, 15.7, 0.0, 1.8613888888888894)
('17:04:32.151041', 80141.16, 80141.16, 9334.95, 15.7, 0.0, 1.880722222222223)
('17:04:32.255833', 77829.31, 77798.97, 9331.29, 15.7, 22.2, 2.8439999999999994)
------------time slot: 2015-08-02 00:00:06, band 8559.0 Kbps -------------
('17:04:32.360229', 75033.41, 75033.41, 9271.18, 15.6, 0.0, 2.3403611111111116)
('17:04:32.464721', 80334.95, 80319.74, 9273.59, 15.6, 0.0, 1.6777777777777787)
('17:04:32.570507', 79667.96, 79682.99, 9273.59, 15.6, 10.0, 1.5998888888888898)
('17:04:32.676190', 79865.95, 79850.91, 9270.16, 15.6, 0.0, 1.4998888888888897)
('17:04:32.781943', 80404.6, 80404.6, 9272.09, 15.6, 11.1, 1.5999166666666675)
('17:04:32.887253', 78810.93, 78871.32, 9273.46, 15.6, 8.3, 1.5037500000000008)
('17:04:33.000705', 77253.74, 77253.74, 9274.14, 15.6, 8.3, 1.4021111111111115)
('17:04:33.114313', 77502.15, 77488.16, 9274.64, 15.6, 8.3, 1.430444444444445)
('17:04:33.227738', 78212.99, 78227.0, 9274.52, 15.6, 3.8, 1.3305000000000002)
('17:04:33.342658', 76975.89, 76975.89, 9273.28, 15.6, 4.0, 1.4000000000000004)
('17:04:33.457093', 75970.33, 75970.33, 9278.45, 15.7, 4.5, 1.764250000000001)
('17:04:33.571111', 76439.76, 76439.76, 9294.92, 15.7, 16.0, 1.5522222222222224)
('17:04:33.684471', 76827.38, 76799.33, 9310.66, 15.7, 0.0, 1.6914722222222227)
('17:04:33.789340', 79971.18, 79956.02, 9321.49, 15.7, 0.0, 2.2361111111111116)
('17:04:33.894560', 78032.47, 78062.69, 9263.68, 15.6, 12.0, 1.7798055555555559)
('17:04:34.008655', 75911.74, 75911.74, 9282.0, 15.7, 0.0, 1.7773888888888898)
('17:04:34.121960', 75685.91, 75699.94, 9296.81, 15.7, 12.5, 1.6411666666666676)
('17:04:34.236067', 75962.35, 75962.35, 9317.52, 15.7, 0.0, 1.939055555555556)
('17:04:34.342160', 72139.66, 72094.7, 9321.19, 15.7, 12.5, 2.679277777777778)
('17:04:34.447612', 66773.79, 66803.94, 9320.97, 15.7, 11.1, 2.687472222222223)
------------time slot: 2015-08-02 00:00:07, band 7321.0 Kbps -------------
