('22:47:56.739210', 23.11, 106827.58, 8219.92, 14.0, 7.7, 2.023666666666667)
('22:47:56.846151', 2.26, 117058.07, 8222.31, 14.0, 16.7, 1.83875)
('22:47:56.952941', 2.34, 118497.19, 8234.84, 14.0, 0.0, 1.8822777777777782)
('22:47:57.059051', 0.0, 118929.63, 8247.0, 14.0, 10.0, 1.7871666666666677)
('22:47:57.164955', 3.71, 118983.59, 8243.03, 14.0, 9.1, 1.9869722222222232)
('22:47:57.271575', 1.56, 19826.94, 8203.05, 14.0, 8.3, 1.8498888888888902)
('22:47:57.378898', 1.55, 496.54, 8203.06, 14.0, 0.0, 1.5553888888888898)
('22:47:57.485094', 0.0, 501.82, 8178.79, 13.9, 10.0, 1.788500000000001)
('22:47:57.591150', 0.0, 492.63, 8177.12, 13.9, 9.1, 1.8937777777777782)
('22:47:57.697306', 7.03, 502.0, 8177.9, 13.9, 0.0, 1.866777777777778)
('22:47:57.804284', 0.0, 498.15, 8174.97, 13.9, 0.0, 1.660972222222223)
('22:47:57.915345', 0.0, 508.06, 8174.52, 13.9, 3.8, 1.4585000000000008)
('22:47:58.030244', 0.0, 500.18, 8174.99, 13.9, 0.0, 1.6010555555555568)
('22:47:58.136286', 1.57, 492.69, 8174.69, 13.9, 9.1, 1.5554444444444455)
('22:47:58.242893', 0.0, 499.88, 8174.23, 13.9, 7.7, 1.422944444444445)
('22:47:58.357618', 2.62, 500.95, 8194.76, 14.0, 7.7, 1.640333333333334)
('22:47:58.472248', 0.0, 501.36, 8210.87, 14.0, 9.1, 1.7579722222222223)
('22:47:58.582301', 0.0, 503.22, 8224.68, 14.0, 8.3, 2.1220833333333338)
('22:47:58.688812', 8.55, 500.33, 8233.52, 14.0, 13.3, 2.194361111111111)
('22:47:58.797353', 0.0, 490.98, 8235.55, 14.0, 9.1, 2.0927777777777785)
------------time slot: 2015-08-02 00:00:03, band 13294.0 Kbps -------------
('22:47:58.904587', 0.0, 506.7, 8172.77, 13.9, 4.0, 2.088666666666667)
('22:47:59.019767', 0.0, 498.97, 8172.5, 13.9, 0.0, 2.011944444444445)
('22:47:59.135084', 0.54, 498.37, 8171.29, 13.9, 3.8, 1.480666666666667)
('22:47:59.249915', 0.0, 500.48, 8172.25, 13.9, 14.3, 1.7564166666666672)
('22:47:59.356835', 0.0, 498.42, 8174.01, 13.9, 5.9, 1.915944444444445)
('22:47:59.469299', 0.0, 501.72, 8174.13, 13.9, 0.0, 1.5222500000000005)
('22:47:59.581659', 21426.53, 502.18, 8176.0, 13.9, 7.4, 1.5748611111111122)
('22:47:59.696475', 32452.57, 500.55, 8182.2, 13.9, 6.7, 1.5220555555555562)
('22:47:59.807858', 33519.47, 497.21, 8184.37, 13.9, 11.1, 1.7222222222222228)
('22:47:59.915016', 33710.01, 497.31, 8206.62, 14.0, 7.7, 1.5304166666666679)
('22:48:00.029873', 34543.49, 500.37, 8231.07, 14.0, 9.1, 1.726305555555556)
('22:48:00.137568', 34095.07, 504.54, 8254.82, 14.1, 9.1, 2.0358888888888895)
('22:48:00.244108', 34434.93, 500.19, 8269.48, 14.1, 7.1, 2.3747500000000006)
('22:48:00.359798', 34303.86, 496.76, 8268.68, 14.1, 8.0, 2.1740000000000013)
------------time slot: 2015-08-02 00:00:04, band 9071.0 Kbps -------------
('22:48:00.475183', 34331.27, 498.08, 8228.14, 14.0, 3.8, 1.967305555555556)
('22:48:00.590572', 33795.64, 498.06, 8228.01, 14.0, 3.7, 1.9777777777777787)
('22:48:00.706242', 34027.18, 505.89, 8230.38, 14.0, 3.8, 1.9332500000000006)
('22:48:00.821337', 34528.06, 499.33, 8229.68, 14.0, 0.0, 1.6748888888888895)
('22:48:00.936158', 34581.55, 500.52, 8230.6, 14.0, 3.7, 1.5248611111111112)
('22:48:01.051208', 34603.79, 499.53, 8230.27, 14.0, 0.0, 1.5832222222222228)
('22:48:01.157678', 34546.0, 500.52, 8201.59, 14.0, 16.7, 2.0074722222222237)
('22:48:01.263753', 34369.37, 502.39, 8200.96, 14.0, 0.0, 1.7333611111111118)
('22:48:01.370328', 34688.56, 490.23, 8202.33, 14.0, 0.0, 1.685944444444445)
('22:48:01.478155', 34358.51, 503.92, 8210.63, 14.0, 0.0, 1.7639444444444452)
('22:48:01.589967', 34138.73, 504.65, 8228.99, 14.0, 0.0, 2.166555555555556)
('22:48:01.696176', 34420.09, 491.92, 8245.28, 14.0, 14.3, 2.3086944444444457)
('22:48:01.801527', 34476.49, 505.84, 8257.19, 14.1, 16.7, 2.1469166666666677)
('22:48:01.907997', 34242.94, 501.7, 8264.93, 14.1, 10.0, 2.6630277777777787)
------------time slot: 2015-08-02 00:00:05, band 2048 Kbps -------------
('22:48:02.015085', 33868.9, 497.64, 8206.92, 14.0, 0.0, 2.1124444444444452)
('22:48:02.121773', 34231.25, 499.5, 8209.7, 14.0, 9.1, 2.0111666666666674)
('22:48:02.229040', 34571.66, 496.8, 8209.86, 14.0, 4.0, 1.8999444444444447)
('22:48:02.342742', 34719.96, 505.45, 8209.42, 14.0, 0.0, 1.7941944444444446)
('22:48:02.454105', 34238.75, 497.3, 8211.16, 14.0, 7.7, 1.9993055555555561)
('22:48:02.561469', 33791.17, 496.36, 8212.1, 14.0, 5.0, 1.8109444444444445)
('22:48:02.670342', 34316.79, 499.08, 8210.73, 14.0, 10.0, 1.7887500000000003)
('22:48:02.776565', 34232.93, 501.69, 8210.76, 14.0, 3.7, 1.7109444444444448)
('22:48:02.890245', 34404.95, 505.55, 8210.75, 14.0, 4.8, 1.835305555555556)
('22:48:03.000070', 34527.81, 494.75, 8209.0, 14.0, 7.1, 1.9331111111111114)
('22:48:03.116407', 34768.74, 502.98, 8234.62, 14.0, 0.0, 1.7710833333333338)
('22:48:03.222487', 34426.93, 502.37, 8249.22, 14.0, 9.1, 2.055472222222223)
('22:48:03.328654', 34637.6, 492.11, 8260.09, 14.1, 10.0, 1.8554722222222226)
('22:48:03.434304', 34507.58, 504.41, 8269.83, 14.1, 11.1, 2.2674444444444455)
('22:48:03.539268', 34424.56, 497.75, 8271.46, 14.1, 11.1, 2.3085000000000004)
------------time slot: 2015-08-02 00:00:06, band 8559.0 Kbps -------------
('22:48:03.645534', 34539.45, 501.49, 8212.85, 14.0, 0.0, 2.1329444444444454)
('22:48:03.752074', 34003.46, 500.2, 8212.34, 14.0, 7.1, 1.8586944444444446)
('22:48:03.867387', 33827.06, 498.39, 8212.46, 14.0, 3.8, 1.6545555555555562)
('22:48:03.982339', 34601.55, 500.33, 8213.19, 14.0, 7.4, 1.655472222222223)
('22:48:04.097897', 34391.22, 497.33, 8201.9, 14.0, 10.0, 1.6774444444444447)
('22:48:04.206058', 34286.12, 502.36, 8203.68, 14.0, 0.0, 1.5777500000000007)
('22:48:04.312032', 34678.75, 502.87, 8203.97, 14.0, 7.7, 1.6330277777777786)
('22:48:04.424563', 34273.3, 501.42, 8203.57, 14.0, 0.0, 1.7568888888888896)
('22:48:04.530249', 34357.56, 494.35, 8203.97, 14.0, 10.0, 1.7555555555555564)
('22:48:04.636488', 34351.19, 501.61, 8204.24, 14.0, 8.0, 1.5965555555555562)
('22:48:04.751762', 34411.72, 498.56, 8224.69, 14.0, 0.0, 1.6886944444444456)
('22:48:04.858356', 34036.77, 500.53, 8237.61, 14.0, 11.1, 1.6777222222222228)
('22:48:04.972632', 34600.18, 502.91, 8258.89, 14.1, 8.3, 1.8080277777777785)
('22:48:05.080101', 34565.19, 495.87, 8261.58, 14.1, 11.5, 2.3263611111111118)
('22:48:05.195617', 34447.36, 506.56, 8261.13, 14.1, 7.7, 2.08663888888889)
------------time slot: 2015-08-02 00:00:07, band 7321.0 Kbps -------------
('22:48:05.311202', 34597.16, 497.22, 8198.0, 14.0, 7.4, 1.933361111111112)
('22:48:05.422702', 34740.13, 496.69, 8201.95, 14.0, 7.7, 1.7343888888888896)
('22:48:05.532529', 34574.86, 504.26, 8201.82, 14.0, 11.1, 1.933250000000001)
('22:48:05.647989', 34766.18, 497.75, 8203.05, 14.0, 4.2, 1.7881666666666678)
('22:48:05.762693', 34763.82, 501.03, 8203.33, 14.0, 3.8, 1.6804166666666671)
('22:48:05.878268', 34446.46, 497.26, 8201.5, 14.0, 7.1, 1.677694444444445)
('22:48:05.993407', 34732.72, 499.15, 8200.15, 14.0, 14.3, 1.8013055555555562)
('22:48:06.100687', 34743.06, 506.49, 8200.22, 14.0, 8.3, 1.7274722222222232)
('22:48:06.207647', 34397.53, 498.23, 8199.98, 14.0, 9.1, 1.6776944444444453)
('22:48:06.313895', 34382.22, 501.57, 8218.19, 14.0, 0.0, 1.9840555555555563)
('22:48:06.420590', 34620.34, 499.47, 8229.72, 14.0, 0.0, 1.9553888888888897)
('22:48:06.527325', 34470.14, 499.28, 8234.69, 14.0, 0.0, 2.0531666666666677)
('22:48:06.638941', 34521.81, 496.17, 8247.37, 14.0, 0.0, 2.5503888888888895)
('22:48:06.746928', 34602.64, 503.17, 8250.19, 14.0, 0.0, 2.3424166666666677)
------------time slot: 2015-08-02 00:00:08, band 4808.0 Kbps -------------
('22:48:06.854081', 34696.66, 497.34, 8194.3, 14.0, 8.3, 2.0636944444444456)
('22:48:06.960967', 34374.48, 498.58, 8192.12, 14.0, 8.3, 1.7797222222222224)
('22:48:07.067740', 34359.88, 499.1, 8191.51, 14.0, 8.3, 1.730444444444445)
('22:48:07.174722', 34585.82, 498.13, 8185.59, 13.9, 0.0, 1.6555277777777788)
('22:48:07.280306', 34252.14, 504.73, 8185.34, 13.9, 10.0, 1.677722222222223)
('22:48:07.386223', 34479.93, 503.14, 8185.49, 13.9, 3.8, 1.526472222222223)
('22:48:07.501080', 34716.42, 500.37, 8182.38, 13.9, 11.1, 1.7331666666666672)
('22:48:07.606239', 34340.76, 496.83, 8182.16, 13.9, 0.0, 1.7558055555555565)
('22:48:07.712471', 34068.48, 501.65, 8182.73, 13.9, 6.9, 1.385666666666667)
('22:48:07.827841', 34571.01, 498.14, 8182.51, 13.9, 0.0, 1.5603611111111115)
('22:48:07.934157', 34655.1, 501.25, 8201.1, 14.0, 0.0, 1.8108888888888899)
('22:48:08.041775', 34497.83, 495.18, 8219.33, 14.0, 0.0, 1.7555555555555566)
('22:48:08.147831', 34621.94, 502.48, 8233.11, 14.0, 7.1, 1.8860000000000008)
('22:48:08.255163', 34582.12, 496.51, 8248.61, 14.0, 0.0, 1.9661944444444457)
('22:48:08.362035', 34641.1, 498.64, 8254.29, 14.1, 10.0, 2.428861111111112)
('22:48:08.468030', 28904.12, 502.77, 8261.32, 14.1, 8.3, 2.6473611111111106)
------------time slot: 2015-08-02 00:00:09, band 2048 Kbps -------------
('22:48:08.575449', 26040.83, 505.84, 8202.76, 14.0, 7.7, 1.6111944444444448)
('22:48:08.690610', 26796.43, 491.87, 8198.88, 14.0, 0.0, 1.7895555555555562)
('22:48:08.803107', 35621.3, 501.58, 8198.41, 14.0, 4.0, 1.6972777777777783)
('22:48:08.918321', 35897.19, 498.82, 8198.68, 14.0, 4.2, 1.3776388888888893)
('22:48:09.030858', 35673.54, 501.4, 8198.32, 14.0, 0.0, 1.8150833333333343)
('22:48:09.136720', 35869.65, 503.4, 8198.79, 14.0, 0.0, 1.8776666666666673)
('22:48:09.242621', 35680.44, 503.22, 8198.39, 14.0, 10.3, 1.818027777777778)
('22:48:09.358166', 35838.84, 497.38, 8198.27, 14.0, 0.0, 1.6777777777777783)
('22:48:09.469554', 34944.16, 497.19, 8198.37, 14.0, 0.0, 1.7776388888888894)
('22:48:09.575364', 35551.58, 503.65, 8222.92, 14.0, 9.1, 1.8942500000000007)
('22:48:09.682093', 36611.81, 499.31, 8239.09, 14.0, 7.7, 2.1942777777777787)
('22:48:09.792788', 37267.69, 500.3, 8257.09, 14.1, 20.0, 1.9192777777777783)
('22:48:09.898276', 36730.02, 495.28, 8268.56, 14.1, 0.0, 2.420722222222223)
('22:48:10.004885', 36784.61, 499.87, 8265.4, 14.1, 7.4, 2.2511944444444456)
------------time slot: 2015-08-02 00:00:10, band 2048 Kbps -------------
('22:48:10.120641', 36992.44, 505.51, 8210.02, 14.0, 0.0, 1.9178888888888892)
('22:48:10.227142', 37352.14, 500.38, 8211.43, 14.0, 5.9, 1.684444444444445)
('22:48:10.335754', 36750.92, 490.65, 8201.21, 14.0, 4.0, 1.5082222222222228)
('22:48:10.450645', 37188.94, 509.31, 8199.77, 14.0, 8.7, 1.7139722222222233)
('22:48:10.564315', 37037.07, 496.4, 8199.77, 14.0, 0.0, 2.118861111111112)
('22:48:10.670011', 37078.32, 494.3, 8201.9, 14.0, 0.0, 2.2138333333333344)
('22:48:10.779436', 36735.69, 506.11, 8202.52, 14.0, 10.0, 1.9386944444444447)
('22:48:10.885572', 37027.56, 502.1, 8201.77, 14.0, 4.0, 1.9165833333333344)
('22:48:11.000147', 37063.79, 492.48, 8199.57, 14.0, 0.0, 1.8361388888888897)
('22:48:11.105973', 36770.5, 503.57, 8202.25, 14.0, 0.0, 1.9165277777777792)
('22:48:11.213138', 37305.64, 497.28, 8227.34, 14.0, 0.0, 1.8469444444444454)
('22:48:11.319264', 36912.82, 502.15, 8240.01, 14.0, 7.7, 1.7111111111111128)
('22:48:11.434024', 37222.41, 500.79, 8251.19, 14.0, 18.2, 2.1081666666666674)
('22:48:11.540893', 36861.62, 498.66, 8272.36, 14.1, 8.0, 2.160111111111112)
('22:48:11.655621', 36837.16, 500.93, 8273.25, 14.1, 0.0, 2.5300833333333337)
------------time slot: 2015-08-02 00:00:11, band 2048 Kbps -------------
('22:48:11.762384', 36672.9, 499.15, 8219.95, 14.0, 3.8, 1.9645000000000015)
('22:48:11.874888', 37290.93, 501.55, 8195.47, 14.0, 7.4, 1.7159444444444452)
('22:48:11.987346', 36814.05, 501.75, 8194.15, 14.0, 7.4, 1.7410000000000008)
('22:48:12.102375', 37171.56, 499.62, 8194.46, 14.0, 0.0, 1.633194444444445)
('22:48:12.208407', 37064.03, 492.74, 8195.79, 14.0, 0.0, 1.7331666666666683)
('22:48:12.313692', 36939.75, 506.16, 8211.59, 14.0, 0.0, 3.0741388888888888)
('22:48:12.419955', 36461.78, 501.5, 8198.91, 14.0, 0.0, 1.688444444444445)
('22:48:12.532681', 37106.34, 500.56, 8198.17, 14.0, 3.8, 1.7445555555555563)
('22:48:12.647952', 37007.99, 498.57, 8196.64, 14.0, 4.0, 1.699944444444445)
('22:48:12.763017', 36978.31, 499.46, 8204.15, 14.0, 4.8, 2.092027777777778)
('22:48:12.872571', 36759.53, 495.98, 8229.04, 14.0, 0.0, 2.028583333333335)
('22:48:12.978607', 36983.52, 502.57, 8241.98, 14.0, 4.0, 1.7055000000000002)
('22:48:13.093425', 36949.35, 501.08, 8259.09, 14.1, 9.1, 2.0616666666666674)
('22:48:13.199865', 34889.53, 500.67, 8271.79, 14.1, 8.3, 2.5727777777777785)
('22:48:13.306710', 35578.76, 498.77, 8272.61, 14.1, 9.1, 2.071305555555556)
------------time slot: 2015-08-02 00:00:12, band 4314.0 Kbps -------------
('22:48:13.413139', 35237.07, 500.72, 8237.97, 14.0, 5.3, 1.8444722222222225)
('22:48:13.522342', 35202.84, 497.57, 8232.82, 14.0, 10.0, 1.7083611111111117)
('22:48:13.628491', 35270.61, 502.04, 8249.73, 14.0, 10.0, 1.9028055555555565)
('22:48:13.734471', 35549.65, 502.84, 8260.39, 14.1, 0.0, 1.76063888888889)
('22:48:13.843308', 35160.01, 57330.06, 8255.98, 14.1, 7.7, 1.7379444444444452)
